# JRE version: Java(TM) SE Runtime Environment (20.0.2+9) (build 20.0.2+9-78)
# Java VM: Java HotSpot(TM) 64-Bit Server VM (20.0.2+9-78, mixed mode, sharing, tiered, compressed oops, compressed class ptrs, g1 gc, windows-amd64)
GC Precious Log:
 CardTable entry size: 512
 Card Set container configuration: InlinePtr #cards 5 size 8 Array Of Cards #cards 12 size 40 Howl #buckets 4 coarsen threshold 1843 Howl Bitmap #cards 512 size 80 coarsen threshold 460 Card regions per heap region 1 cards per card region 2048
 CPUs: 4 total, 4 available
 Memory: 3836M
 Large Page Support: Disabled
 NUMA Support: Disabled
 Compressed Oops: Enabled (32-bit)
 Heap Region Size: 1M
 Heap Min Capacity: 8M
 Heap Initial Capacity: 60M
 Heap Max Capacity: 960M
 Pre-touch: Disabled
 Parallel Workers: 4
 Concurrent Workers: 1
 Concurrent Refinement Workers: 4
 Periodic GC: Disabled
Heap:
 garbage-first heap   total 75776K, used 60352K [0x00000000c4000000, 0x0000000100000000)
  region size 1024K, 20 young (20480K), 1 survivors (1024K)
 Metaspace       used 19965K, committed 20160K, reserved 1114112K
  class space    used 2266K, committed 2368K, reserved 1048576K
GC Heap History (8 events):
Event: 3.340 GC heap before
{Heap before GC invocations=0 (full 0):
 garbage-first heap   total 61440K, used 13312K [0x00000000c4000000, 0x0000000100000000)
  region size 1024K, 12 young (12288K), 0 survivors (0K)
 Metaspace       used 10437K, committed 10624K, reserved 1114112K
  class space    used 1236K, committed 1344K, reserved 1048576K
}
Event: 3.353 GC heap after
{Heap after GC invocations=1 (full 0):
 garbage-first heap   total 61440K, used 5908K [0x00000000c4000000, 0x0000000100000000)
  region size 1024K, 2 young (2048K), 2 survivors (2048K)
 Metaspace       used 10437K, committed 10624K, reserved 1114112K
  class space    used 1236K, committed 1344K, reserved 1048576K
}
Event: 3.883 GC heap before
{Heap before GC invocations=1 (full 0):
 garbage-first heap   total 61440K, used 54036K [0x00000000c4000000, 0x0000000100000000)
  region size 1024K, 14 young (14336K), 2 survivors (2048K)
 Metaspace       used 10513K, committed 10688K, reserved 1114112K
  class space    used 1238K, committed 1344K, reserved 1048576K
}
Event: 3.886 GC heap after
{Heap after GC invocations=2 (full 0):
 garbage-first heap   total 61440K, used 43201K [0x00000000c4000000, 0x0000000100000000)
  region size 1024K, 1 young (1024K), 1 survivors (1024K)
 Metaspace       used 10513K, committed 10688K, reserved 1114112K
  class space    used 1238K, committed 1344K, reserved 1048576K
}
Event: 4.042 GC heap before
{Heap before GC invocations=2 (full 0):
 garbage-first heap   total 61440K, used 50369K [0x00000000c4000000, 0x0000000100000000)
  region size 1024K, 9 young (9216K), 1 survivors (1024K)
 Metaspace       used 10513K, committed 10688K, reserved 1114112K
  class space    used 1238K, committed 1344K, reserved 1048576K
}
Event: 4.043 GC heap after
{Heap after GC invocations=3 (full 0):
 garbage-first heap   total 61440K, used 42996K [0x00000000c4000000, 0x0000000100000000)
  region size 1024K, 1 young (1024K), 1 survivors (1024K)
 Metaspace       used 10513K, committed 10688K, reserved 1114112K
  class space    used 1238K, committed 1344K, reserved 1048576K
}
Event: 4.263 GC heap before
{Heap before GC invocations=4 (full 0):
 garbage-first heap   total 75776K, used 52212K [0x00000000c4000000, 0x0000000100000000)
  region size 1024K, 11 young (11264K), 1 survivors (1024K)
 Metaspace       used 10513K, committed 10688K, reserved 1114112K
  class space    used 1238K, committed 1344K, reserved 1048576K
}
Event: 4.263 GC heap after
{Heap after GC invocations=5 (full 0):
 garbage-first heap   total 75776K, used 42944K [0x00000000c4000000, 0x0000000100000000)
  region size 1024K, 1 young (1024K), 1 survivors (1024K)
 Metaspace       used 10513K, committed 10688K, reserved 1114112K
  class space    used 1238K, committed 1344K, reserved 1048576K
}

